# JRE version: Java(TM) SE Runtime Environment Oracle GraalVM 21.0.2+13.1 (21.0.2+13) (build 21.0.2+13-LTS-jvmci-23.1-b30)
# Java VM: Java HotSpot(TM) 64-Bit Server VM Oracle GraalVM 21.0.2+13.1 (21.0.2+13-LTS-jvmci-23.1-b30, mixed mode, sharing, tiered, jvmci, jvmci compiler, compressed oops, compressed class ptrs, g1 gc, windows-amd64)
GC Precious Log:
 CardTable entry size: 512
 Card Set container configuration: InlinePtr #cards 4 size 8 Array Of Cards #cards 32 size 80 Howl #buckets 8 coarsen threshold 7372 Howl Bitmap #cards 1024 size 144 coarsen threshold 921 Card regions per heap region 1 cards per card region 8192
 CPUs: 12 total, 12 available
 Memory: 20373M
 Large Page Support: Disabled
 NUMA Support: Disabled
 Compressed Oops: Enabled (Zero based)
 Heap Region Size: 4M
 Heap Min Capacity: 8M
 Heap Initial Capacity: 320M
 Heap Max Capacity: 5096M
 Pre-touch: Disabled
 Parallel Workers: 10
 Concurrent Workers: 3
 Concurrent Refinement Workers: 10
 Periodic GC: Disabled
Heap:
 garbage-first heap   total 192512K, used 163386K [0x00000006c1800000, 0x0000000800000000)
  region size 4096K, 13 young (53248K), 2 survivors (8192K)
 Metaspace       used 45394K, committed 45888K, reserved 1114112K
  class space    used 4561K, committed 4800K, reserved 1048576K
GC Heap History (20 events):
Event: 2.608 GC heap after
{Heap after GC invocations=7 (full 0):
 garbage-first heap   total 118784K, used 31282K [0x00000006c1800000, 0x0000000800000000)
  region size 4096K, 3 young (12288K), 3 survivors (12288K)
 Metaspace       used 29841K, committed 30208K, reserved 1114112K
  class space    used 3204K, committed 3392K, reserved 1048576K
}
Event: 3.040 GC heap before
{Heap before GC invocations=7 (full 0):
 garbage-first heap   total 118784K, used 88626K [0x00000006c1800000, 0x0000000800000000)
  region size 4096K, 17 young (69632K), 3 survivors (12288K)
 Metaspace       used 31607K, committed 32064K, reserved 1114112K
  class space    used 3374K, committed 3584K, reserved 1048576K
}
Event: 3.046 GC heap after
{Heap after GC invocations=8 (full 0):
 garbage-first heap   total 143360K, used 33226K [0x00000006c1800000, 0x0000000800000000)
  region size 4096K, 1 young (4096K), 1 survivors (4096K)
 Metaspace       used 31607K, committed 32064K, reserved 1114112K
  class space    used 3374K, committed 3584K, reserved 1048576K
}
Event: 6.990 GC heap before
{Heap before GC invocations=8 (full 0):
 garbage-first heap   total 143360K, used 65994K [0x00000006c1800000, 0x0000000800000000)
  region size 4096K, 9 young (36864K), 1 survivors (4096K)
 Metaspace       used 35912K, committed 36416K, reserved 1114112K
  class space    used 3914K, committed 4160K, reserved 1048576K
}
Event: 6.995 GC heap after
{Heap after GC invocations=9 (full 0):
 garbage-first heap   total 143360K, used 46127K [0x00000006c1800000, 0x0000000800000000)
  region size 4096K, 3 young (12288K), 3 survivors (12288K)
 Metaspace       used 35912K, committed 36416K, reserved 1114112K
  class space    used 3914K, committed 4160K, reserved 1048576K
}
Event: 7.430 GC heap before
{Heap before GC invocations=10 (full 0):
 garbage-first heap   total 143360K, used 111663K [0x00000006c1800000, 0x0000000800000000)
  region size 4096K, 19 young (77824K), 3 survivors (12288K)
 Metaspace       used 40136K, committed 40576K, reserved 1114112K
  class space    used 4280K, committed 4480K, reserved 1048576K
}
Event: 7.441 GC heap after
{Heap after GC invocations=11 (full 0):
 garbage-first heap   total 147456K, used 64343K [0x00000006c1800000, 0x0000000800000000)
  region size 4096K, 3 young (12288K), 3 survivors (12288K)
 Metaspace       used 40136K, committed 40576K, reserved 1114112K
  class space    used 4280K, committed 4480K, reserved 1048576K
}
Event: 7.737 GC heap before
{Heap before GC invocations=11 (full 0):
 garbage-first heap   total 147456K, used 113495K [0x00000006c1800000, 0x0000000800000000)
  region size 4096K, 16 young (65536K), 3 survivors (12288K)
 Metaspace       used 41175K, committed 41664K, reserved 1114112K
  class space    used 4333K, committed 4544K, reserved 1048576K
}
Event: 7.757 GC heap after
{Heap after GC invocations=12 (full 0):
 garbage-first heap   total 147456K, used 71990K [0x00000006c1800000, 0x0000000800000000)
  region size 4096K, 2 young (8192K), 2 survivors (8192K)
 Metaspace       used 41175K, committed 41664K, reserved 1114112K
  class space    used 4333K, committed 4544K, reserved 1048576K
}
Event: 7.795 GC heap before
{Heap before GC invocations=12 (full 0):
 garbage-first heap   total 147456K, used 76086K [0x00000006c1800000, 0x0000000800000000)
  region size 4096K, 4 young (16384K), 2 survivors (8192K)
 Metaspace       used 41181K, committed 41664K, reserved 1114112K
  class space    used 4334K, committed 4544K, reserved 1048576K
}
Event: 7.802 GC heap after
{Heap after GC invocations=13 (full 0):
 garbage-first heap   total 184320K, used 75024K [0x00000006c1800000, 0x0000000800000000)
  region size 4096K, 1 young (4096K), 1 survivors (4096K)
 Metaspace       used 41181K, committed 41664K, reserved 1114112K
  class space    used 4334K, committed 4544K, reserved 1048576K
}
Event: 8.512 GC heap before
{Heap before GC invocations=13 (full 0):
 garbage-first heap   total 184320K, used 148752K [0x00000006c1800000, 0x0000000800000000)
  region size 4096K, 18 young (73728K), 1 survivors (4096K)
 Metaspace       used 44368K, committed 44928K, reserved 1114112K
  class space    used 4542K, committed 4800K, reserved 1048576K
}
Event: 8.520 GC heap after
{Heap after GC invocations=14 (full 0):
 garbage-first heap   total 184320K, used 84426K [0x00000006c1800000, 0x0000000800000000)
  region size 4096K, 2 young (8192K), 2 survivors (8192K)
 Metaspace       used 44368K, committed 44928K, reserved 1114112K
  class space    used 4542K, committed 4800K, reserved 1048576K
}
Event: 9.238 GC heap before
{Heap before GC invocations=14 (full 0):
 garbage-first heap   total 184320K, used 149962K [0x00000006c1800000, 0x0000000800000000)
  region size 4096K, 18 young (73728K), 2 survivors (8192K)
 Metaspace       used 44993K, committed 45504K, reserved 1114112K
  class space    used 4554K, committed 4800K, reserved 1048576K
}
Event: 9.248 GC heap after
{Heap after GC invocations=15 (full 0):
 garbage-first heap   total 184320K, used 88614K [0x00000006c1800000, 0x0000000800000000)
  region size 4096K, 3 young (12288K), 3 survivors (12288K)
 Metaspace       used 44993K, committed 45504K, reserved 1114112K
  class space    used 4554K, committed 4800K, reserved 1048576K
}
Event: 13.208 GC heap before
{Heap before GC invocations=15 (full 0):
 garbage-first heap   total 184320K, used 117286K [0x00000006c1800000, 0x0000000800000000)
  region size 4096K, 11 young (45056K), 3 survivors (12288K)
 Metaspace       used 45115K, committed 45696K, reserved 1114112K
  class space    used 4561K, committed 4800K, reserved 1048576K
}
Event: 13.215 GC heap after
{Heap after GC invocations=16 (full 0):
 garbage-first heap   total 184320K, used 89403K [0x00000006c1800000, 0x0000000800000000)
  region size 4096K, 2 young (8192K), 2 survivors (8192K)
 Metaspace       used 45115K, committed 45696K, reserved 1114112K
  class space    used 4561K, committed 4800K, reserved 1048576K
}
Event: 13.495 GC heap before
{Heap before GC invocations=17 (full 0):
 garbage-first heap   total 184320K, used 159035K [0x00000006c1800000, 0x0000000800000000)
  region size 4096K, 18 young (73728K), 2 survivors (8192K)
 Metaspace       used 45233K, committed 45760K, reserved 1114112K
  class space    used 4561K, committed 4800K, reserved 1048576K
}
Event: 13.505 GC heap after
{Heap after GC invocations=18 (full 0):
 garbage-first heap   total 192512K, used 118330K [0x00000006c1800000, 0x0000000800000000)
  region size 4096K, 3 young (12288K), 3 survivors (12288K)
 Metaspace       used 45233K, committed 45760K, reserved 1114112K
  class space    used 4561K, committed 4800K, reserved 1048576K
}
Event: 13.667 GC heap before
{Heap before GC invocations=18 (full 0):
 garbage-first heap   total 192512K, used 163386K [0x00000006c1800000, 0x0000000800000000)
  region size 4096K, 14 young (57344K), 3 survivors (12288K)
 Metaspace       used 45394K, committed 45888K, reserved 1114112K
  class space    used 4561K, committed 4800K, reserved 1048576K
}

